Using pre-set license
Built from '2020.3/china_unity/release' branch; Version is '2020.3.4f1c1 (3d27070cb163) revision 4007687'; Using compiler version '192528614'; Build Type 'Release'
OS: 'Windows 10 Home China; OS build 22000.493; Version 2009; 64bit' Language: 'zh' Physical Memory: 16236 MB
BatchMode: 1, IsHumanControllingUs: 0, StartBugReporterOnCrash: 0, Is64bit: 1, IsPro: 0

 COMMAND LINE ARGUMENTS:
D:\Program Files\Unity\Editor\Unity.exe
-adb2
-batchMode
-noUpm
-name
AssetImportWorker0
-projectPath
D:/robot/Lesson-make/practice/New Unity Project
-logFile
Logs/AssetImportWorker0.log
-srvPort
54598
Successfully changed project path to: D:/robot/Lesson-make/practice/New Unity Project
D:/robot/Lesson-make/practice/New Unity Project
Using Asset Import Pipeline V2.
Refreshing native plugins compatible for Editor in 25.44 ms, found 0 plugins.
Preloading 0 native plugins for Editor in 0.00 ms.
Initialize engine version: 2020.3.4f1c1 (3d27070cb163)
[Subsystems] Discovering subsystems at path D:/Program Files/Unity/Editor/Data/Resources/UnitySubsystems
[Subsystems] Discovering subsystems at path D:/robot/Lesson-make/practice/New Unity Project/Assets
GfxDevice: creating device client; threaded=0
Direct3D:
    Version:  Direct3D 11.0 [level 11.1]
    Renderer: NVIDIA GeForce RTX 3060 Laptop GPU (ID=0x2560)
    Vendor:   
    VRAM:     6023 MB
    Driver:   27.21.14.6692
Initialize mono
Mono path[0] = 'D:/Program Files/Unity/Editor/Data/Managed'
Mono path[1] = 'D:/Program Files/Unity/Editor/Data/MonoBleedingEdge/lib/mono/unityjit'
Mono config path = 'D:/Program Files/Unity/Editor/Data/MonoBleedingEdge/etc'
Using monoOptions --debugger-agent=transport=dt_socket,embedding=1,server=y,suspend=n,address=127.0.0.1:56932
Begin MonoManager ReloadAssembly
Registering precompiled unity dll's ...
Register platform support module: D:/Program Files/Unity/Editor/Data/PlaybackEngines/WindowsStandaloneSupport/UnityEditor.WindowsStandalone.Extensions.dll
Registered in 0.000723 seconds.
Native extension for WindowsStandalone target not found
Refreshing native plugins compatible for Editor in 32.63 ms, found 0 plugins.
Preloading 0 native plugins for Editor in 0.00 ms.
Mono: successfully reloaded assembly
- Completed reload, in  0.678 seconds
Platform modules already initialized, skipping
Registering precompiled user dll's ...
Registered in 0.000425 seconds.
Begin MonoManager ReloadAssembly
Native extension for WindowsStandalone target not found
Refreshing native plugins compatible for Editor in 34.14 ms, found 0 plugins.
Preloading 0 native plugins for Editor in 0.00 ms.
Mono: successfully reloaded assembly
- Completed reload, in  0.724 seconds
Platform modules already initialized, skipping
========================================================================
Worker process is ready to serve import requests
Launched and connected shader compiler UnityShaderCompiler.exe after 0.04 seconds
Refreshing native plugins compatible for Editor in 0.42 ms, found 0 plugins.
Preloading 0 native plugins for Editor in 0.00 ms.
Unloading 1434 Unused Serialized files (Serialized files now loaded: 0)
System memory in use before: 68.1 MB.
System memory in use after: 68.2 MB.

Unloading 11 unused Assets to reduce memory usage. Loaded Objects now: 1879.
Total: 1.914600 ms (FindLiveObjects: 0.244200 ms CreateObjectMapping: 0.110700 ms MarkObjects: 1.501500 ms  DeleteObjects: 0.057000 ms)

========================================================================
Received Import Request.
  path: Packages/com.unity.inputsystem/InputSystem/Unity.InputSystem.asmdef
  artifactKey: Guid(75469ad4d38634e559750d17036d5f7c) Importer(815301076,1909f56bfc062723c751e8b465ee728b)
Start importing Packages/com.unity.inputsystem/InputSystem/Unity.InputSystem.asmdef using Guid(75469ad4d38634e559750d17036d5f7c) Importer(815301076,1909f56bfc062723c751e8b465ee728b)  -> (artifact id: '240ee2c293a4c86e09e9a3fb168462ab') in 0.057288 seconds
  Import took 0.059798 seconds .

========================================================================
Received Import Request.
  Time since last request: 109.317691 seconds.
  path: Assets/Input/InputActions.inputactions
  artifactKey: Guid(13f76009a62b5d04bb6dbaf9ac007d3e) Importer(815301076,1909f56bfc062723c751e8b465ee728b)
Start importing Assets/Input/InputActions.inputactions using Guid(13f76009a62b5d04bb6dbaf9ac007d3e) Importer(815301076,1909f56bfc062723c751e8b465ee728b)  -> (artifact id: 'd6081512b1377ffe3ca2fe9d45308c1e') in 0.018409 seconds
  Import took 0.020908 seconds .

========================================================================
Received Import Request.
  Time since last request: 127.310240 seconds.
  path: Assets/Scripts/PlayerController.cs
  artifactKey: Guid(c20deef6e264977459ba9256674a502f) Importer(815301076,1909f56bfc062723c751e8b465ee728b)
Start importing Assets/Scripts/PlayerController.cs using Guid(c20deef6e264977459ba9256674a502f) Importer(815301076,1909f56bfc062723c751e8b465ee728b)  -> (artifact id: '737514b53f8f60e6bb7e730d6b83fe77') in 0.007161 seconds
  Import took 0.010049 seconds .

========================================================================
Received Import Request.
  Time since last request: 3137.448843 seconds.
  path: Assets/Scripts/PlayerController.cs
  artifactKey: Guid(c20deef6e264977459ba9256674a502f) Importer(815301076,1909f56bfc062723c751e8b465ee728b)
Start importing Assets/Scripts/PlayerController.cs using Guid(c20deef6e264977459ba9256674a502f) Importer(815301076,1909f56bfc062723c751e8b465ee728b)  -> (artifact id: 'f96c6872349e43997f487e32f87e102a') in 0.001717 seconds
  Import took 0.004003 seconds .

========================================================================
Received Import Request.
  Time since last request: 0.000288 seconds.
  path: Assets/Scripts/PlayerController.cs
  artifactKey: Guid(c20deef6e264977459ba9256674a502f) Importer(815301076,1909f56bfc062723c751e8b465ee728b)
Start importing Assets/Scripts/PlayerController.cs using Guid(c20deef6e264977459ba9256674a502f) Importer(815301076,1909f56bfc062723c751e8b465ee728b)  -> (artifact id: 'f96c6872349e43997f487e32f87e102a') in 0.001255 seconds
  Import took 0.003125 seconds .

========================================================================
Received Prepare
Registering precompiled user dll's ...
Registered in 0.001395 seconds.
Begin MonoManager ReloadAssembly
Native extension for WindowsStandalone target not found
Refreshing native plugins compatible for Editor in 0.30 ms, found 0 plugins.
Preloading 0 native plugins for Editor in 0.00 ms.
Mono: successfully reloaded assembly
- Completed reload, in  0.616 seconds
Platform modules already initialized, skipping
Refreshing native plugins compatible for Editor in 0.24 ms, found 0 plugins.
Preloading 0 native plugins for Editor in 0.00 ms.
Unloading 1428 Unused Serialized files (Serialized files now loaded: 0)
System memory in use before: 68.1 MB.
System memory in use after: 68.2 MB.

Unloading 4 unused Assets to reduce memory usage. Loaded Objects now: 1882.
Total: 2.620600 ms (FindLiveObjects: 0.171200 ms CreateObjectMapping: 0.055200 ms MarkObjects: 2.377000 ms  DeleteObjects: 0.016300 ms)

========================================================================
Received Prepare
Registering precompiled user dll's ...
Registered in 0.000488 seconds.
Begin MonoManager ReloadAssembly
Native extension for WindowsStandalone target not found
Refreshing native plugins compatible for Editor in 0.28 ms, found 0 plugins.
Preloading 0 native plugins for Editor in 0.00 ms.
Mono: successfully reloaded assembly
- Completed reload, in  0.591 seconds
Platform modules already initialized, skipping
Refreshing native plugins compatible for Editor in 0.25 ms, found 0 plugins.
Preloading 0 native plugins for Editor in 0.00 ms.
Unloading 1428 Unused Serialized files (Serialized files now loaded: 0)
System memory in use before: 68.1 MB.
System memory in use after: 68.2 MB.

Unloading 4 unused Assets to reduce memory usage. Loaded Objects now: 1885.
Total: 1.875300 ms (FindLiveObjects: 0.238500 ms CreateObjectMapping: 0.054200 ms MarkObjects: 1.568500 ms  DeleteObjects: 0.013200 ms)

========================================================================
Received Prepare
Registering precompiled user dll's ...
Registered in 0.000438 seconds.
Begin MonoManager ReloadAssembly
Native extension for WindowsStandalone target not found
Refreshing native plugins compatible for Editor in 0.37 ms, found 0 plugins.
Preloading 0 native plugins for Editor in 0.00 ms.
Mono: successfully reloaded assembly
- Completed reload, in  0.629 seconds
Platform modules already initialized, skipping
Refreshing native plugins compatible for Editor in 0.24 ms, found 0 plugins.
Preloading 0 native plugins for Editor in 0.00 ms.
Unloading 1428 Unused Serialized files (Serialized files now loaded: 0)
System memory in use before: 68.2 MB.
System memory in use after: 68.3 MB.

Unloading 4 unused Assets to reduce memory usage. Loaded Objects now: 1888.
Total: 1.637900 ms (FindLiveObjects: 0.204200 ms CreateObjectMapping: 0.036900 ms MarkObjects: 1.384400 ms  DeleteObjects: 0.011500 ms)

========================================================================
Received Import Request.
  Time since last request: 1394.691348 seconds.
  path: Assets/Materials/background.mat
  artifactKey: Guid(69ea6998606d29045ace8dd8a7309bc6) Importer(815301076,1909f56bfc062723c751e8b465ee728b)
Start importing Assets/Materials/background.mat using Guid(69ea6998606d29045ace8dd8a7309bc6) Importer(815301076,1909f56bfc062723c751e8b465ee728b)  -> (artifact id: '6915b4133b3a697bb7ca4ba5d4df61cc') in 0.067373 seconds
  Import took 0.070746 seconds .

========================================================================
Received Import Request.
  Time since last request: 6.779288 seconds.
  path: Assets/Materials/Wall.mat
  artifactKey: Guid(aad071dc183a099408435eeacd026c05) Importer(815301076,1909f56bfc062723c751e8b465ee728b)
Start importing Assets/Materials/Wall.mat using Guid(aad071dc183a099408435eeacd026c05) Importer(815301076,1909f56bfc062723c751e8b465ee728b)  -> (artifact id: 'e4c0dfaba1964d43f7a666efcc157589') in 0.007269 seconds
  Import took 0.009607 seconds .

========================================================================
Received Import Request.
  Time since last request: 42.698749 seconds.
  path: Assets/Materials/Wall.mat
  artifactKey: Guid(aad071dc183a099408435eeacd026c05) Importer(815301076,1909f56bfc062723c751e8b465ee728b)
Start importing Assets/Materials/Wall.mat using Guid(aad071dc183a099408435eeacd026c05) Importer(815301076,1909f56bfc062723c751e8b465ee728b)  -> (artifact id: '41a4dee4775f7355234dc3e7d77f4b85') in 0.012004 seconds
  Import took 0.014463 seconds .

========================================================================
Received Import Request.
  Time since last request: 96.915829 seconds.
  path: Assets/Materials/Collect.mat
  artifactKey: Guid(29f2a06427567a847a909af620504faf) Importer(815301076,1909f56bfc062723c751e8b465ee728b)
Start importing Assets/Materials/Collect.mat using Guid(29f2a06427567a847a909af620504faf) Importer(815301076,1909f56bfc062723c751e8b465ee728b)  -> (artifact id: 'db4e34962949c0b06b4d0a3865177299') in 0.006207 seconds
  Import took 0.008594 seconds .

========================================================================
Received Import Request.
  Time since last request: 83.059619 seconds.
  path: Assets/Scripts/Rotator.cs
  artifactKey: Guid(72fdc607f5566444dbf86138a66cf093) Importer(815301076,1909f56bfc062723c751e8b465ee728b)
Start importing Assets/Scripts/Rotator.cs using Guid(72fdc607f5566444dbf86138a66cf093) Importer(815301076,1909f56bfc062723c751e8b465ee728b)  -> (artifact id: '86197b15281642d458a8643cf379a21e') in 0.001351 seconds
  Import took 0.003806 seconds .

========================================================================
Received Prepare
Registering precompiled user dll's ...
Registered in 0.000499 seconds.
Begin MonoManager ReloadAssembly
Native extension for WindowsStandalone target not found
Refreshing native plugins compatible for Editor in 0.26 ms, found 0 plugins.
Preloading 0 native plugins for Editor in 0.00 ms.
Mono: successfully reloaded assembly
- Completed reload, in  0.572 seconds
Platform modules already initialized, skipping
Refreshing native plugins compatible for Editor in 0.24 ms, found 0 plugins.
Preloading 0 native plugins for Editor in 0.00 ms.
Unloading 1429 Unused Serialized files (Serialized files now loaded: 0)
System memory in use before: 71.5 MB.
System memory in use after: 71.6 MB.

Unloading 4 unused Assets to reduce memory usage. Loaded Objects now: 1932.
Total: 1.511900 ms (FindLiveObjects: 0.140700 ms CreateObjectMapping: 0.034500 ms MarkObjects: 1.324600 ms  DeleteObjects: 0.011400 ms)

========================================================================
Received Prepare
Registering precompiled user dll's ...
Registered in 0.000659 seconds.
Begin MonoManager ReloadAssembly
Native extension for WindowsStandalone target not found
Refreshing native plugins compatible for Editor in 0.26 ms, found 0 plugins.
Preloading 0 native plugins for Editor in 0.00 ms.
Mono: successfully reloaded assembly
- Completed reload, in  0.740 seconds
Platform modules already initialized, skipping
Refreshing native plugins compatible for Editor in 0.27 ms, found 0 plugins.
Preloading 0 native plugins for Editor in 0.00 ms.
Unloading 1429 Unused Serialized files (Serialized files now loaded: 0)
System memory in use before: 71.5 MB.
System memory in use after: 71.6 MB.

Unloading 4 unused Assets to reduce memory usage. Loaded Objects now: 1935.
Total: 1.815800 ms (FindLiveObjects: 0.160100 ms CreateObjectMapping: 0.034800 ms MarkObjects: 1.608300 ms  DeleteObjects: 0.011700 ms)

========================================================================
Received Import Request.
  Time since last request: 53579.621026 seconds.
  path: Assets/Scripts/Rotator.cs
  artifactKey: Guid(72fdc607f5566444dbf86138a66cf093) Importer(815301076,1909f56bfc062723c751e8b465ee728b)
Start importing Assets/Scripts/Rotator.cs using Guid(72fdc607f5566444dbf86138a66cf093) Importer(815301076,1909f56bfc062723c751e8b465ee728b)  -> (artifact id: 'f74a14d3d78999757dc80fc3d68fa71b') in 0.003793 seconds
  Import took 0.006297 seconds .

========================================================================
Received Import Request.
  Time since last request: 15.010476 seconds.
  path: Assets/Scripts/PlayerController.cs
  artifactKey: Guid(c20deef6e264977459ba9256674a502f) Importer(815301076,1909f56bfc062723c751e8b465ee728b)
Start importing Assets/Scripts/PlayerController.cs using Guid(c20deef6e264977459ba9256674a502f) Importer(815301076,1909f56bfc062723c751e8b465ee728b)  -> (artifact id: 'c540e04fee2efd05e962f6836df91988') in 0.001174 seconds
  Import took 0.009934 seconds .

========================================================================
Received Import Request.
  Time since last request: 116.652802 seconds.
  path: Assets/InputSystem.inputsettings.asset
  artifactKey: Guid(b3387397c542bdf4da169e7895b7b4b8) Importer(815301076,1909f56bfc062723c751e8b465ee728b)
Start importing Assets/InputSystem.inputsettings.asset using Guid(b3387397c542bdf4da169e7895b7b4b8) Importer(815301076,1909f56bfc062723c751e8b465ee728b)  -> (artifact id: '1c2cae8fd7594787f167af3f86fd6b1e') in 0.011325 seconds
  Import took 0.014070 seconds .

========================================================================
Received Prepare
Registering precompiled user dll's ...
Registered in 0.000453 seconds.
Begin MonoManager ReloadAssembly
Native extension for WindowsStandalone target not found
Refreshing native plugins compatible for Editor in 0.46 ms, found 0 plugins.
Preloading 0 native plugins for Editor in 0.00 ms.
Mono: successfully reloaded assembly
- Completed reload, in  0.611 seconds
Platform modules already initialized, skipping
Refreshing native plugins compatible for Editor in 0.26 ms, found 0 plugins.
Preloading 0 native plugins for Editor in 0.00 ms.
Unloading 1429 Unused Serialized files (Serialized files now loaded: 0)
System memory in use before: 71.5 MB.
System memory in use after: 71.6 MB.

Unloading 4 unused Assets to reduce memory usage. Loaded Objects now: 1938.
Total: 1.613700 ms (FindLiveObjects: 0.236300 ms CreateObjectMapping: 0.036000 ms MarkObjects: 1.327400 ms  DeleteObjects: 0.013000 ms)

========================================================================
Received Import Request.
  Time since last request: 178.389839 seconds.
  path: Assets/Prefabs
  artifactKey: Guid(23c92bdadc551ce4185f4f74034de6de) Importer(815301076,1909f56bfc062723c751e8b465ee728b)
Start importing Assets/Prefabs using Guid(23c92bdadc551ce4185f4f74034de6de) Importer(815301076,1909f56bfc062723c751e8b465ee728b)  -> (artifact id: 'aefbc9ff1b853b6f983dae78add72183') in 0.003581 seconds
  Import took 0.006115 seconds .

========================================================================
Received Import Request.
  Time since last request: 13.421973 seconds.
  path: Assets/Prefabs/Cube.prefab
  artifactKey: Guid(f577cca9adf3ec44595831638d1e373c) Importer(815301076,1909f56bfc062723c751e8b465ee728b)
Start importing Assets/Prefabs/Cube.prefab using Guid(f577cca9adf3ec44595831638d1e373c) Importer(815301076,1909f56bfc062723c751e8b465ee728b)  -> (artifact id: 'dbe51ff1dd85cfc6fed55a5d51aa8990') in 0.060993 seconds
  Import took 0.063435 seconds .

========================================================================
Received Prepare
Registering precompiled user dll's ...
Registered in 0.000500 seconds.
Begin MonoManager ReloadAssembly
Native extension for WindowsStandalone target not found
Refreshing native plugins compatible for Editor in 0.46 ms, found 0 plugins.
Preloading 0 native plugins for Editor in 0.00 ms.
Mono: successfully reloaded assembly
- Completed reload, in  0.665 seconds
Platform modules already initialized, skipping
Refreshing native plugins compatible for Editor in 0.32 ms, found 0 plugins.
Preloading 0 native plugins for Editor in 0.00 ms.
Unloading 1429 Unused Serialized files (Serialized files now loaded: 0)
System memory in use before: 71.6 MB.
System memory in use after: 71.7 MB.

Unloading 4 unused Assets to reduce memory usage. Loaded Objects now: 1943.
Total: 1.865600 ms (FindLiveObjects: 0.371300 ms CreateObjectMapping: 0.040200 ms MarkObjects: 1.441700 ms  DeleteObjects: 0.011400 ms)

========================================================================
Received Import Request.
  Time since last request: 144.335618 seconds.
  path: Assets/Prefabs/Cube.prefab
  artifactKey: Guid(f577cca9adf3ec44595831638d1e373c) Importer(815301076,1909f56bfc062723c751e8b465ee728b)
Start importing Assets/Prefabs/Cube.prefab using Guid(f577cca9adf3ec44595831638d1e373c) Importer(815301076,1909f56bfc062723c751e8b465ee728b)  -> (artifact id: '3e844fa92e12371eff6b49811c77a98b') in 0.043916 seconds
  Import took 0.046653 seconds .

========================================================================
Received Prepare
Registering precompiled user dll's ...
Registered in 0.000507 seconds.
Begin MonoManager ReloadAssembly
Native extension for WindowsStandalone target not found
Refreshing native plugins compatible for Editor in 0.26 ms, found 0 plugins.
Preloading 0 native plugins for Editor in 0.00 ms.
Mono: successfully reloaded assembly
- Completed reload, in  0.583 seconds
Platform modules already initialized, skipping
Refreshing native plugins compatible for Editor in 0.26 ms, found 0 plugins.
Preloading 0 native plugins for Editor in 0.00 ms.
Unloading 1429 Unused Serialized files (Serialized files now loaded: 0)
System memory in use before: 71.6 MB.
System memory in use after: 71.7 MB.

Unloading 4 unused Assets to reduce memory usage. Loaded Objects now: 1947.
Total: 1.999400 ms (FindLiveObjects: 0.190300 ms CreateObjectMapping: 0.038000 ms MarkObjects: 1.755800 ms  DeleteObjects: 0.014100 ms)

========================================================================
Received Import Request.
  Time since last request: 974.384917 seconds.
  path: ProjectSettings/TagManager.asset
  artifactKey: Guid(00000000000000003000000000000000) Importer(815301076,1909f56bfc062723c751e8b465ee728b)
Start importing ProjectSettings/TagManager.asset using Guid(00000000000000003000000000000000) Importer(815301076,1909f56bfc062723c751e8b465ee728b)  -> (artifact id: '21349ff04df5739d9359218a4f08b811') in 0.010795 seconds
  Import took 0.013393 seconds .

========================================================================
Received Prepare
Registering precompiled user dll's ...
Registered in 0.000491 seconds.
Begin MonoManager ReloadAssembly
Native extension for WindowsStandalone target not found
Refreshing native plugins compatible for Editor in 0.26 ms, found 0 plugins.
Preloading 0 native plugins for Editor in 0.00 ms.
Mono: successfully reloaded assembly
- Completed reload, in  0.629 seconds
Platform modules already initialized, skipping
Refreshing native plugins compatible for Editor in 0.34 ms, found 0 plugins.
Preloading 0 native plugins for Editor in 0.00 ms.
Unloading 1429 Unused Serialized files (Serialized files now loaded: 0)
System memory in use before: 71.6 MB.
System memory in use after: 71.7 MB.

Unloading 5 unused Assets to reduce memory usage. Loaded Objects now: 1950.
Total: 1.966600 ms (FindLiveObjects: 0.285700 ms CreateObjectMapping: 0.061400 ms MarkObjects: 1.604300 ms  DeleteObjects: 0.013700 ms)

========================================================================
Received Prepare
Registering precompiled user dll's ...
Registered in 0.000564 seconds.
Begin MonoManager ReloadAssembly
Native extension for WindowsStandalone target not found
Refreshing native plugins compatible for Editor in 0.29 ms, found 0 plugins.
Preloading 0 native plugins for Editor in 0.00 ms.
Mono: successfully reloaded assembly
- Completed reload, in  0.624 seconds
Platform modules already initialized, skipping
Refreshing native plugins compatible for Editor in 0.31 ms, found 0 plugins.
Preloading 0 native plugins for Editor in 0.00 ms.
Unloading 1429 Unused Serialized files (Serialized files now loaded: 0)
System memory in use before: 71.6 MB.
System memory in use after: 71.7 MB.

Unloading 4 unused Assets to reduce memory usage. Loaded Objects now: 1953.
Total: 1.805400 ms (FindLiveObjects: 0.278400 ms CreateObjectMapping: 0.047000 ms MarkObjects: 1.468100 ms  DeleteObjects: 0.011100 ms)

========================================================================
Received Prepare
Registering precompiled user dll's ...
Registered in 0.000450 seconds.
Begin MonoManager ReloadAssembly
Native extension for WindowsStandalone target not found
Refreshing native plugins compatible for Editor in 0.26 ms, found 0 plugins.
Preloading 0 native plugins for Editor in 0.00 ms.
Mono: successfully reloaded assembly
- Completed reload, in  0.590 seconds
Platform modules already initialized, skipping
Refreshing native plugins compatible for Editor in 0.28 ms, found 0 plugins.
Preloading 0 native plugins for Editor in 0.00 ms.
Unloading 1429 Unused Serialized files (Serialized files now loaded: 0)
System memory in use before: 71.6 MB.
System memory in use after: 71.7 MB.

Unloading 4 unused Assets to reduce memory usage. Loaded Objects now: 1956.
Total: 1.994400 ms (FindLiveObjects: 0.218700 ms CreateObjectMapping: 0.044000 ms MarkObjects: 1.717500 ms  DeleteObjects: 0.013100 ms)

========================================================================
Received Prepare
Registering precompiled user dll's ...
Registered in 0.000454 seconds.
Begin MonoManager ReloadAssembly
Native extension for WindowsStandalone target not found
Refreshing native plugins compatible for Editor in 0.37 ms, found 0 plugins.
Preloading 0 native plugins for Editor in 0.00 ms.
Mono: successfully reloaded assembly
- Completed reload, in  0.637 seconds
Platform modules already initialized, skipping
Refreshing native plugins compatible for Editor in 0.25 ms, found 0 plugins.
Preloading 0 native plugins for Editor in 0.00 ms.
Unloading 1429 Unused Serialized files (Serialized files now loaded: 0)
System memory in use before: 71.6 MB.
System memory in use after: 71.7 MB.

Unloading 4 unused Assets to reduce memory usage. Loaded Objects now: 1959.
Total: 2.122200 ms (FindLiveObjects: 0.362900 ms CreateObjectMapping: 0.071800 ms MarkObjects: 1.674000 ms  DeleteObjects: 0.012000 ms)

========================================================================
Received Prepare
Registering precompiled user dll's ...
Registered in 0.000815 seconds.
Begin MonoManager ReloadAssembly
Native extension for WindowsStandalone target not found
Refreshing native plugins compatible for Editor in 0.29 ms, found 0 plugins.
Preloading 0 native plugins for Editor in 0.00 ms.
Mono: successfully reloaded assembly
- Completed reload, in  0.611 seconds
Platform modules already initialized, skipping
Refreshing native plugins compatible for Editor in 0.27 ms, found 0 plugins.
Preloading 0 native plugins for Editor in 0.00 ms.
Unloading 1442 Unused Serialized files (Serialized files now loaded: 0)
System memory in use before: 73.7 MB.
System memory in use after: 73.2 MB.

Unloading 17 unused Assets to reduce memory usage. Loaded Objects now: 1962.
Total: 2.106300 ms (FindLiveObjects: 0.271900 ms CreateObjectMapping: 0.035500 ms MarkObjects: 1.500400 ms  DeleteObjects: 0.297500 ms)

========================================================================
Received Prepare
Registering precompiled user dll's ...
Registered in 0.000534 seconds.
Begin MonoManager ReloadAssembly
Native extension for WindowsStandalone target not found
Refreshing native plugins compatible for Editor in 0.43 ms, found 0 plugins.
Preloading 0 native plugins for Editor in 0.00 ms.
Mono: successfully reloaded assembly
- Completed reload, in  0.639 seconds
Platform modules already initialized, skipping
Refreshing native plugins compatible for Editor in 0.38 ms, found 0 plugins.
Preloading 0 native plugins for Editor in 0.00 ms.
Unloading 1442 Unused Serialized files (Serialized files now loaded: 0)
System memory in use before: 73.7 MB.
System memory in use after: 73.2 MB.

Unloading 17 unused Assets to reduce memory usage. Loaded Objects now: 1965.
Total: 2.689400 ms (FindLiveObjects: 0.539900 ms CreateObjectMapping: 0.085500 ms MarkObjects: 1.763300 ms  DeleteObjects: 0.299800 ms)

========================================================================
Received Prepare
Registering precompiled user dll's ...
Registered in 0.000525 seconds.
Begin MonoManager ReloadAssembly
Native extension for WindowsStandalone target not found
Refreshing native plugins compatible for Editor in 0.27 ms, found 0 plugins.
Preloading 0 native plugins for Editor in 0.00 ms.
Mono: successfully reloaded assembly
- Completed reload, in  0.630 seconds
Platform modules already initialized, skipping
Refreshing native plugins compatible for Editor in 0.25 ms, found 0 plugins.
Preloading 0 native plugins for Editor in 0.00 ms.
Unloading 1442 Unused Serialized files (Serialized files now loaded: 0)
System memory in use before: 73.7 MB.
System memory in use after: 73.2 MB.

Unloading 17 unused Assets to reduce memory usage. Loaded Objects now: 1968.
Total: 2.142800 ms (FindLiveObjects: 0.158500 ms CreateObjectMapping: 0.059300 ms MarkObjects: 1.635100 ms  DeleteObjects: 0.288700 ms)

========================================================================
Received Prepare
Registering precompiled user dll's ...
Registered in 0.000491 seconds.
Begin MonoManager ReloadAssembly
Native extension for WindowsStandalone target not found
Refreshing native plugins compatible for Editor in 0.29 ms, found 0 plugins.
Preloading 0 native plugins for Editor in 0.00 ms.
Mono: successfully reloaded assembly
- Completed reload, in  0.621 seconds
Platform modules already initialized, skipping
Refreshing native plugins compatible for Editor in 0.35 ms, found 0 plugins.
Preloading 0 native plugins for Editor in 0.00 ms.
Unloading 1442 Unused Serialized files (Serialized files now loaded: 0)
System memory in use before: 73.8 MB.
System memory in use after: 73.2 MB.

Unloading 17 unused Assets to reduce memory usage. Loaded Objects now: 1971.
Total: 1.988900 ms (FindLiveObjects: 0.201700 ms CreateObjectMapping: 0.085200 ms MarkObjects: 1.397300 ms  DeleteObjects: 0.303800 ms)

========================================================================
Received Prepare
Registering precompiled user dll's ...
Registered in 0.000520 seconds.
Begin MonoManager ReloadAssembly
Native extension for WindowsStandalone target not found
Refreshing native plugins compatible for Editor in 0.27 ms, found 0 plugins.
Preloading 0 native plugins for Editor in 0.00 ms.
Mono: successfully reloaded assembly
- Completed reload, in  0.582 seconds
Platform modules already initialized, skipping
Refreshing native plugins compatible for Editor in 0.25 ms, found 0 plugins.
Preloading 0 native plugins for Editor in 0.00 ms.
Unloading 1442 Unused Serialized files (Serialized files now loaded: 0)
System memory in use before: 73.8 MB.
System memory in use after: 73.2 MB.

Unloading 17 unused Assets to reduce memory usage. Loaded Objects now: 1974.
Total: 2.123500 ms (FindLiveObjects: 0.208500 ms CreateObjectMapping: 0.056200 ms MarkObjects: 1.564000 ms  DeleteObjects: 0.294100 ms)

========================================================================
Received Prepare
Registering precompiled user dll's ...
Registered in 0.000670 seconds.
Begin MonoManager ReloadAssembly
Native extension for WindowsStandalone target not found
Refreshing native plugins compatible for Editor in 0.29 ms, found 0 plugins.
Preloading 0 native plugins for Editor in 0.00 ms.
Mono: successfully reloaded assembly
- Completed reload, in  0.674 seconds
Platform modules already initialized, skipping
Refreshing native plugins compatible for Editor in 0.27 ms, found 0 plugins.
Preloading 0 native plugins for Editor in 0.00 ms.
Unloading 1442 Unused Serialized files (Serialized files now loaded: 0)
System memory in use before: 73.8 MB.
System memory in use after: 73.2 MB.

Unloading 17 unused Assets to reduce memory usage. Loaded Objects now: 1977.
Total: 2.587700 ms (FindLiveObjects: 0.241100 ms CreateObjectMapping: 0.092400 ms MarkObjects: 1.930800 ms  DeleteObjects: 0.321900 ms)

========================================================================
Received Prepare
Registering precompiled user dll's ...
Registered in 0.000434 seconds.
Begin MonoManager ReloadAssembly
Native extension for WindowsStandalone target not found
Refreshing native plugins compatible for Editor in 0.27 ms, found 0 plugins.
Preloading 0 native plugins for Editor in 0.00 ms.
Mono: successfully reloaded assembly
- Completed reload, in  0.597 seconds
Platform modules already initialized, skipping
Refreshing native plugins compatible for Editor in 0.27 ms, found 0 plugins.
Preloading 0 native plugins for Editor in 0.00 ms.
Unloading 1442 Unused Serialized files (Serialized files now loaded: 0)
System memory in use before: 73.8 MB.
System memory in use after: 73.2 MB.

Unloading 17 unused Assets to reduce memory usage. Loaded Objects now: 1980.
Total: 1.995700 ms (FindLiveObjects: 0.177500 ms CreateObjectMapping: 0.035800 ms MarkObjects: 1.502300 ms  DeleteObjects: 0.278700 ms)

========================================================================
Received Prepare
Refreshing native plugins compatible for Editor in 0.63 ms, found 0 plugins.
Preloading 0 native plugins for Editor in 0.00 ms.
Unloading 15 Unused Serialized files (Serialized files now loaded: 0)
System memory in use before: 45.5 MB.
System memory in use after: 45.0 MB.

Unloading 15 unused Assets to reduce memory usage. Loaded Objects now: 1980.
Total: 3.163700 ms (FindLiveObjects: 0.432100 ms CreateObjectMapping: 0.067600 ms MarkObjects: 2.296400 ms  DeleteObjects: 0.366100 ms)

AssetImportWorkerClient::OnTransportError - code=2 error=End of file
